{"/Users/jasarenyarko/Desktop/Digital Product School/dps-expressjs-challenge/src/repositories/project.repository.ts": {"path":"/Users/jasarenyarko/Desktop/Digital Product School/dps-expressjs-challenge/src/repositories/project.repository.ts","statementMap":{"0":{"start":{"line":1,"column":0},"end":{"line":1,"column":40}},"1":{"start":{"line":2,"column":0},"end":{"line":2,"column":36}},"2":{"start":{"line":6,"column":1},"end":{"line":6,"column":65}},"3":{"start":{"line":10,"column":12},"end":{"line":10,"column":20}},"4":{"start":{"line":11,"column":1},"end":{"line":14,"column":3}},"5":{"start":{"line":18,"column":16},"end":{"line":18,"column":71}},"6":{"start":{"line":19,"column":1},"end":{"line":21,"column":2}},"7":{"start":{"line":20,"column":2},"end":{"line":20,"column":14}},"8":{"start":{"line":23,"column":1},"end":{"line":23,"column":38}},"9":{"start":{"line":27,"column":1},"end":{"line":27,"column":53}},"10":{"start":{"line":31,"column":1},"end":{"line":34,"column":3}},"11":{"start":{"line":37,"column":0},"end":{"line":37,"column":60}}},"fnMap":{"0":{"name":"getAll","decl":{"start":{"line":5,"column":9},"end":{"line":5,"column":15}},"loc":{"start":{"line":5,"column":15},"end":{"line":7,"column":1}}},"1":{"name":"create","decl":{"start":{"line":9,"column":9},"end":{"line":9,"column":15}},"loc":{"start":{"line":9,"column":49},"end":{"line":15,"column":1}}},"2":{"name":"findById","decl":{"start":{"line":17,"column":9},"end":{"line":17,"column":17}},"loc":{"start":{"line":17,"column":28},"end":{"line":24,"column":1}}},"3":{"name":"remove","decl":{"start":{"line":26,"column":9},"end":{"line":26,"column":15}},"loc":{"start":{"line":26,"column":26},"end":{"line":28,"column":1}}},"4":{"name":"update","decl":{"start":{"line":30,"column":9},"end":{"line":30,"column":15}},"loc":{"start":{"line":30,"column":61},"end":{"line":35,"column":1}}}},"branchMap":{"0":{"loc":{"start":{"line":19,"column":1},"end":{"line":21,"column":2}},"type":"if","locations":[{"start":{"line":19,"column":1},"end":{"line":21,"column":2}}]}},"s":{"0":1,"1":1,"2":5,"3":5,"4":5,"5":5,"6":5,"7":3,"8":2,"9":1,"10":1,"11":1},"f":{"0":5,"1":5,"2":5,"3":1,"4":1},"b":{"0":[3]}}
,"/Users/jasarenyarko/Desktop/Digital Product School/dps-expressjs-challenge/src/services/db.service.ts": {"path":"/Users/jasarenyarko/Desktop/Digital Product School/dps-expressjs-challenge/src/services/db.service.ts","statementMap":{"0":{"start":{"line":1,"column":0},"end":{"line":1,"column":36}},"1":{"start":{"line":2,"column":0},"end":{"line":2,"column":24}},"2":{"start":{"line":4,"column":11},"end":{"line":6,"column":2}},"3":{"start":{"line":12,"column":1},"end":{"line":12,"column":69}},"4":{"start":{"line":19,"column":1},"end":{"line":19,"column":69}},"5":{"start":{"line":22,"column":0},"end":{"line":22,"column":30}}},"fnMap":{"0":{"name":"query","decl":{"start":{"line":8,"column":9},"end":{"line":8,"column":14}},"loc":{"start":{"line":10,"column":56},"end":{"line":13,"column":1}}},"1":{"name":"run","decl":{"start":{"line":15,"column":9},"end":{"line":15,"column":12}},"loc":{"start":{"line":17,"column":56},"end":{"line":20,"column":1}}}},"branchMap":{"0":{"loc":{"start":{"line":12,"column":8},"end":{"line":12,"column":68}},"type":"cond-expr","locations":[{"start":{"line":12,"column":17},"end":{"line":12,"column":44}},{"start":{"line":12,"column":47},"end":{"line":12,"column":68}}]},"1":{"loc":{"start":{"line":19,"column":8},"end":{"line":19,"column":68}},"type":"cond-expr","locations":[{"start":{"line":19,"column":17},"end":{"line":19,"column":44}},{"start":{"line":19,"column":47},"end":{"line":19,"column":68}}]}},"s":{"0":1,"1":1,"2":1,"3":0,"4":0,"5":1},"f":{"0":0,"1":0},"b":{"0":[0,0],"1":[0,0]}}
}
