{"/Users/jasarenyarko/Desktop/Digital Product School/dps-expressjs-challenge/src/repositories/project.repository.ts": {"path":"/Users/jasarenyarko/Desktop/Digital Product School/dps-expressjs-challenge/src/repositories/project.repository.ts","statementMap":{"0":{"start":{"line":1,"column":0},"end":{"line":1,"column":40}},"1":{"start":{"line":2,"column":0},"end":{"line":2,"column":36}},"2":{"start":{"line":6,"column":4},"end":{"line":11,"column":5}},"3":{"start":{"line":7,"column":8},"end":{"line":7,"column":72}},"4":{"start":{"line":9,"column":8},"end":{"line":9,"column":35}},"5":{"start":{"line":10,"column":8},"end":{"line":10,"column":18}},"6":{"start":{"line":15,"column":15},"end":{"line":15,"column":23}},"7":{"start":{"line":16,"column":4},"end":{"line":23,"column":5}},"8":{"start":{"line":17,"column":8},"end":{"line":20,"column":10}},"9":{"start":{"line":22,"column":8},"end":{"line":22,"column":76}},"10":{"start":{"line":27,"column":4},"end":{"line":36,"column":5}},"11":{"start":{"line":28,"column":23},"end":{"line":28,"column":78}},"12":{"start":{"line":29,"column":8},"end":{"line":31,"column":9}},"13":{"start":{"line":30,"column":12},"end":{"line":30,"column":24}},"14":{"start":{"line":32,"column":8},"end":{"line":32,"column":45}},"15":{"start":{"line":34,"column":8},"end":{"line":34,"column":35}},"16":{"start":{"line":35,"column":8},"end":{"line":35,"column":20}},"17":{"start":{"line":40,"column":4},"end":{"line":44,"column":5}},"18":{"start":{"line":41,"column":8},"end":{"line":41,"column":60}},"19":{"start":{"line":43,"column":8},"end":{"line":43,"column":35}},"20":{"start":{"line":48,"column":4},"end":{"line":55,"column":5}},"21":{"start":{"line":49,"column":8},"end":{"line":52,"column":10}},"22":{"start":{"line":54,"column":8},"end":{"line":54,"column":35}},"23":{"start":{"line":59,"column":4},"end":{"line":69,"column":5}},"24":{"start":{"line":60,"column":8},"end":{"line":65,"column":9}},"25":{"start":{"line":64,"column":12},"end":{"line":64,"column":53}},"26":{"start":{"line":66,"column":8},"end":{"line":66,"column":60}},"27":{"start":{"line":68,"column":8},"end":{"line":68,"column":50}},"28":{"start":{"line":72,"column":0},"end":{"line":72,"column":60}}},"fnMap":{"0":{"name":"getAll","decl":{"start":{"line":5,"column":9},"end":{"line":5,"column":15}},"loc":{"start":{"line":5,"column":15},"end":{"line":12,"column":1}}},"1":{"name":"create","decl":{"start":{"line":14,"column":9},"end":{"line":14,"column":15}},"loc":{"start":{"line":14,"column":49},"end":{"line":24,"column":1}}},"2":{"name":"findById","decl":{"start":{"line":26,"column":9},"end":{"line":26,"column":17}},"loc":{"start":{"line":26,"column":28},"end":{"line":37,"column":1}}},"3":{"name":"remove","decl":{"start":{"line":39,"column":9},"end":{"line":39,"column":15}},"loc":{"start":{"line":39,"column":26},"end":{"line":45,"column":1}}},"4":{"name":"update","decl":{"start":{"line":47,"column":9},"end":{"line":47,"column":15}},"loc":{"start":{"line":47,"column":61},"end":{"line":56,"column":1}}},"5":{"name":"handleDatabaseError","decl":{"start":{"line":58,"column":9},"end":{"line":58,"column":28}},"loc":{"start":{"line":58,"column":77},"end":{"line":70,"column":1}}}},"branchMap":{"0":{"loc":{"start":{"line":29,"column":8},"end":{"line":31,"column":9}},"type":"if","locations":[{"start":{"line":29,"column":8},"end":{"line":31,"column":9}}]},"1":{"loc":{"start":{"line":59,"column":4},"end":{"line":69,"column":5}},"type":"if","locations":[{"start":{"line":59,"column":4},"end":{"line":69,"column":5}},{"start":{"line":67,"column":11},"end":{"line":69,"column":5}}]},"2":{"loc":{"start":{"line":60,"column":8},"end":{"line":65,"column":9}},"type":"if","locations":[{"start":{"line":60,"column":8},"end":{"line":65,"column":9}}]},"3":{"loc":{"start":{"line":61,"column":12},"end":{"line":62,"column":59}},"type":"binary-expr","locations":[{"start":{"line":61,"column":12},"end":{"line":61,"column":35}},{"start":{"line":62,"column":12},"end":{"line":62,"column":59}}]}},"s":{"0":1,"1":1,"2":5,"3":5,"4":0,"5":0,"6":5,"7":5,"8":5,"9":1,"10":5,"11":5,"12":5,"13":3,"14":2,"15":0,"16":0,"17":1,"18":1,"19":0,"20":1,"21":1,"22":0,"23":1,"24":0,"25":0,"26":0,"27":1,"28":1},"f":{"0":5,"1":5,"2":5,"3":1,"4":1,"5":1},"b":{"0":[3],"1":[0,1],"2":[0],"3":[0,0]}}
,"/Users/jasarenyarko/Desktop/Digital Product School/dps-expressjs-challenge/src/services/db.service.ts": {"path":"/Users/jasarenyarko/Desktop/Digital Product School/dps-expressjs-challenge/src/services/db.service.ts","statementMap":{"0":{"start":{"line":1,"column":0},"end":{"line":1,"column":36}},"1":{"start":{"line":2,"column":0},"end":{"line":2,"column":24}},"2":{"start":{"line":4,"column":11},"end":{"line":6,"column":2}},"3":{"start":{"line":12,"column":1},"end":{"line":12,"column":69}},"4":{"start":{"line":19,"column":1},"end":{"line":19,"column":69}},"5":{"start":{"line":22,"column":0},"end":{"line":22,"column":30}}},"fnMap":{"0":{"name":"query","decl":{"start":{"line":8,"column":9},"end":{"line":8,"column":14}},"loc":{"start":{"line":10,"column":56},"end":{"line":13,"column":1}}},"1":{"name":"run","decl":{"start":{"line":15,"column":9},"end":{"line":15,"column":12}},"loc":{"start":{"line":17,"column":56},"end":{"line":20,"column":1}}}},"branchMap":{"0":{"loc":{"start":{"line":12,"column":8},"end":{"line":12,"column":68}},"type":"cond-expr","locations":[{"start":{"line":12,"column":17},"end":{"line":12,"column":44}},{"start":{"line":12,"column":47},"end":{"line":12,"column":68}}]},"1":{"loc":{"start":{"line":19,"column":8},"end":{"line":19,"column":68}},"type":"cond-expr","locations":[{"start":{"line":19,"column":17},"end":{"line":19,"column":44}},{"start":{"line":19,"column":47},"end":{"line":19,"column":68}}]}},"s":{"0":1,"1":1,"2":1,"3":0,"4":0,"5":1},"f":{"0":0,"1":0},"b":{"0":[0,0],"1":[0,0]}}
}
