TN:
SF:src/repositories/project.repository.ts
FN:5,getAll
FN:14,create
FN:26,findById
FN:39,remove
FN:47,update
FN:58,handleDatabaseError
FNF:6
FNH:6
FNDA:5,getAll
FNDA:5,create
FNDA:5,findById
FNDA:1,remove
FNDA:1,update
FNDA:1,handleDatabaseError
DA:1,1
DA:2,1
DA:6,5
DA:7,5
DA:9,0
DA:10,0
DA:15,5
DA:16,5
DA:17,5
DA:22,1
DA:27,5
DA:28,5
DA:29,5
DA:30,3
DA:32,2
DA:34,0
DA:35,0
DA:40,1
DA:41,1
DA:43,0
DA:48,1
DA:49,1
DA:54,0
DA:59,1
DA:60,0
DA:64,0
DA:66,0
DA:68,1
DA:72,1
LF:29
LH:20
BRDA:29,0,0,3
BRDA:59,1,0,0
BRDA:59,1,1,1
BRDA:60,2,0,0
BRDA:61,3,0,0
BRDA:61,3,1,0
BRF:6
BRH:2
end_of_record
TN:
SF:src/services/db.service.ts
FN:8,query
FN:15,run
FNF:2
FNH:0
FNDA:0,query
FNDA:0,run
DA:1,1
DA:2,1
DA:4,1
DA:12,0
DA:19,0
DA:22,1
LF:6
LH:4
BRDA:12,0,0,0
BRDA:12,0,1,0
BRDA:19,1,0,0
BRDA:19,1,1,0
BRF:4
BRH:0
end_of_record
