TN:
SF:src/repositories/project.repository.ts
FN:5,getAll
FN:9,create
FN:17,findById
FN:26,remove
FN:30,update
FNF:5
FNH:5
FNDA:5,getAll
FNDA:5,create
FNDA:5,findById
FNDA:1,remove
FNDA:1,update
DA:1,1
DA:2,1
DA:6,5
DA:10,5
DA:11,5
DA:18,5
DA:19,5
DA:20,3
DA:23,2
DA:27,1
DA:31,1
DA:37,1
LF:12
LH:12
BRDA:19,0,0,3
BRF:1
BRH:1
end_of_record
TN:
SF:src/services/db.service.ts
FN:8,query
FN:15,run
FNF:2
FNH:0
FNDA:0,query
FNDA:0,run
DA:1,1
DA:2,1
DA:4,1
DA:12,0
DA:19,0
DA:22,1
LF:6
LH:4
BRDA:12,0,0,0
BRDA:12,0,1,0
BRDA:19,1,0,0
BRDA:19,1,1,0
BRF:4
BRH:0
end_of_record
